# JRE version: OpenJDK Runtime Environment Microsoft-11933218 (21.0.8+9) (build 21.0.8+9-LTS)
# Java VM: OpenJDK 64-Bit Server VM Microsoft-11933218 (21.0.8+9-LTS, mixed mode, sharing, tiered, compressed oops, compressed class ptrs, g1 gc, windows-amd64)
GC Precious Log:
 CardTable entry size: 512
 Card Set container configuration: InlinePtr #cards 4 size 8 Array Of Cards #cards 16 size 48 Howl #buckets 8 coarsen threshold 3686 Howl Bitmap #cards 512 size 80 coarsen threshold 460 Card regions per heap region 1 cards per card region 4096
 CPUs: 4 total, 4 available
 Memory: 8095M
 Large Page Support: Disabled
 NUMA Support: Disabled
 Compressed Oops: Enabled (Zero based)
 Heap Region Size: 2M
 Heap Min Capacity: 8M
 Heap Initial Capacity: 128M
 Heap Max Capacity: 4G
 Pre-touch: Disabled
 Parallel Workers: 4
 Concurrent Workers: 1
 Concurrent Refinement Workers: 4
 Periodic GC: Disabled
Heap:
 garbage-first heap   total 598016K, used 291981K [0x0000000700000000, 0x0000000800000000)
  region size 2048K, 2 young (4096K), 2 survivors (4096K)
 Metaspace       used 257414K, committed 260992K, reserved 1310720K
  class space    used 32534K, committed 34304K, reserved 1048576K
GC Heap History (20 events):
Event: 488.923 GC heap after
{Heap after GC invocations=111 (full 0):
 garbage-first heap   total 522240K, used 319488K [0x0000000700000000, 0x0000000800000000)
  region size 2048K, 6 young (12288K), 6 survivors (12288K)
 Metaspace       used 252161K, committed 255744K, reserved 1310720K
  class space    used 31904K, committed 33664K, reserved 1048576K
}
Event: 612.407 GC heap before
{Heap before GC invocations=112 (full 0):
 garbage-first heap   total 532480K, used 497664K [0x0000000700000000, 0x0000000800000000)
  region size 2048K, 86 young (176128K), 6 survivors (12288K)
 Metaspace       used 252505K, committed 256064K, reserved 1310720K
  class space    used 31956K, committed 33664K, reserved 1048576K
}
Event: 612.788 GC heap after
{Heap after GC invocations=113 (full 0):
 garbage-first heap   total 532480K, used 343461K [0x0000000700000000, 0x0000000800000000)
  region size 2048K, 7 young (14336K), 7 survivors (14336K)
 Metaspace       used 252505K, committed 256064K, reserved 1310720K
  class space    used 31956K, committed 33664K, reserved 1048576K
}
Event: 730.220 GC heap before
{Heap before GC invocations=113 (full 0):
 garbage-first heap   total 532480K, used 488869K [0x0000000700000000, 0x0000000800000000)
  region size 2048K, 79 young (161792K), 7 survivors (14336K)
 Metaspace       used 252743K, committed 256320K, reserved 1310720K
  class space    used 31968K, committed 33728K, reserved 1048576K
}
Event: 730.550 GC heap after
{Heap after GC invocations=114 (full 0):
 garbage-first heap   total 532480K, used 351699K [0x0000000700000000, 0x0000000800000000)
  region size 2048K, 10 young (20480K), 10 survivors (20480K)
 Metaspace       used 252743K, committed 256320K, reserved 1310720K
  class space    used 31968K, committed 33728K, reserved 1048576K
}
Event: 739.666 GC heap before
{Heap before GC invocations=114 (full 0):
 garbage-first heap   total 532480K, used 482771K [0x0000000700000000, 0x0000000800000000)
  region size 2048K, 74 young (151552K), 10 survivors (20480K)
 Metaspace       used 254752K, committed 258368K, reserved 1310720K
  class space    used 32251K, committed 33984K, reserved 1048576K
}
Event: 739.782 GC heap after
{Heap after GC invocations=115 (full 0):
 garbage-first heap   total 532480K, used 373760K [0x0000000700000000, 0x0000000800000000)
  region size 2048K, 10 young (20480K), 10 survivors (20480K)
 Metaspace       used 254752K, committed 258368K, reserved 1310720K
  class space    used 32251K, committed 33984K, reserved 1048576K
}
Event: 743.131 GC heap before
{Heap before GC invocations=115 (full 0):
 garbage-first heap   total 598016K, used 420864K [0x0000000700000000, 0x0000000800000000)
  region size 2048K, 41 young (83968K), 10 survivors (20480K)
 Metaspace       used 256178K, committed 259776K, reserved 1310720K
  class space    used 32445K, committed 34176K, reserved 1048576K
}
Event: 743.254 GC heap after
{Heap after GC invocations=116 (full 0):
 garbage-first heap   total 598016K, used 372736K [0x0000000700000000, 0x0000000800000000)
  region size 2048K, 6 young (12288K), 6 survivors (12288K)
 Metaspace       used 256178K, committed 259776K, reserved 1310720K
  class space    used 32445K, committed 34176K, reserved 1048576K
}
Event: 743.967 GC heap before
{Heap before GC invocations=117 (full 0):
 garbage-first heap   total 598016K, used 389120K [0x0000000700000000, 0x0000000800000000)
  region size 2048K, 14 young (28672K), 6 survivors (12288K)
 Metaspace       used 256208K, committed 259776K, reserved 1310720K
  class space    used 32447K, committed 34176K, reserved 1048576K
}
Event: 744.005 GC heap after
{Heap after GC invocations=118 (full 0):
 garbage-first heap   total 598016K, used 378880K [0x0000000700000000, 0x0000000800000000)
  region size 2048K, 2 young (4096K), 2 survivors (4096K)
 Metaspace       used 256208K, committed 259776K, reserved 1310720K
  class space    used 32447K, committed 34176K, reserved 1048576K
}
Event: 749.078 GC heap before
{Heap before GC invocations=118 (full 0):
 garbage-first heap   total 598016K, used 528384K [0x0000000700000000, 0x0000000800000000)
  region size 2048K, 75 young (153600K), 2 survivors (4096K)
 Metaspace       used 257056K, committed 260608K, reserved 1310720K
  class space    used 32507K, committed 34240K, reserved 1048576K
}
Event: 749.108 GC heap after
{Heap after GC invocations=119 (full 0):
 garbage-first heap   total 598016K, used 374001K [0x0000000700000000, 0x0000000800000000)
  region size 2048K, 7 young (14336K), 7 survivors (14336K)
 Metaspace       used 257056K, committed 260608K, reserved 1310720K
  class space    used 32507K, committed 34240K, reserved 1048576K
}
Event: 752.820 GC heap before
{Heap before GC invocations=119 (full 0):
 garbage-first heap   total 598016K, used 531697K [0x0000000700000000, 0x0000000800000000)
  region size 2048K, 84 young (172032K), 7 survivors (14336K)
 Metaspace       used 257148K, committed 260736K, reserved 1310720K
  class space    used 32510K, committed 34240K, reserved 1048576K
}
Event: 752.887 GC heap after
{Heap after GC invocations=120 (full 0):
 garbage-first heap   total 598016K, used 330194K [0x0000000700000000, 0x0000000800000000)
  region size 2048K, 7 young (14336K), 7 survivors (14336K)
 Metaspace       used 257148K, committed 260736K, reserved 1310720K
  class space    used 32510K, committed 34240K, reserved 1048576K
}
Event: 757.467 GC heap before
{Heap before GC invocations=120 (full 0):
 garbage-first heap   total 598016K, used 526802K [0x0000000700000000, 0x0000000800000000)
  region size 2048K, 102 young (208896K), 7 survivors (14336K)
 Metaspace       used 257185K, committed 260736K, reserved 1310720K
  class space    used 32510K, committed 34240K, reserved 1048576K
}
Event: 757.528 GC heap after
{Heap after GC invocations=121 (full 0):
 garbage-first heap   total 598016K, used 307777K [0x0000000700000000, 0x0000000800000000)
  region size 2048K, 8 young (16384K), 8 survivors (16384K)
 Metaspace       used 257185K, committed 260736K, reserved 1310720K
  class space    used 32510K, committed 34240K, reserved 1048576K
}
Event: 761.332 GC heap before
{Heap before GC invocations=121 (full 0):
 garbage-first heap   total 598016K, used 522817K [0x0000000700000000, 0x0000000800000000)
  region size 2048K, 113 young (231424K), 8 survivors (16384K)
 Metaspace       used 257398K, committed 260992K, reserved 1310720K
  class space    used 32533K, committed 34304K, reserved 1048576K
}
Event: 761.591 GC heap after
{Heap after GC invocations=122 (full 0):
 garbage-first heap   total 598016K, used 299199K [0x0000000700000000, 0x0000000800000000)
  region size 2048K, 9 young (18432K), 9 survivors (18432K)
 Metaspace       used 257398K, committed 260992K, reserved 1310720K
  class space    used 32533K, committed 34304K, reserved 1048576K
}
Event: 761.716 GC heap before
{Heap before GC invocations=122 (full 0):
 garbage-first heap   total 598016K, used 317631K [0x0000000700000000, 0x0000000800000000)
  region size 2048K, 18 young (36864K), 9 survivors (18432K)
 Metaspace       used 257414K, committed 260992K, reserved 1310720K
  class space    used 32534K, committed 34304K, reserved 1048576K
}

